<?xml version="1.0" encoding="UTF-8"?>
<testng-results ignored="0" total="2" passed="2" failed="0" skipped="0">
  <reporter-output>
  </reporter-output>
  <suite started-at="2022-05-12T12:24:36 IST" name="Default suite" finished-at="2022-05-12T12:24:36 IST" duration-ms="123">
    <groups>
    </groups>
    <test started-at="2022-05-12T12:24:36 IST" name="Default test" finished-at="2022-05-12T12:24:36 IST" duration-ms="123">
      <class name="TestNG222.TestCaseForLogin">
        <test-method signature="checkOne()[pri:0, instance:TestNG222.TestCaseForLogin@7e9131d5]" started-at="2022-05-12T12:24:36 IST" name="checkOne" finished-at="2022-05-12T12:24:36 IST" duration-ms="19" status="PASS">
          <reporter-output>
          </reporter-output>
        </test-method> <!-- checkOne -->
        <test-method signature="checkTwo()[pri:0, instance:TestNG222.TestCaseForLogin@7e9131d5]" started-at="2022-05-12T12:24:36 IST" name="checkTwo" finished-at="2022-05-12T12:24:36 IST" duration-ms="2" status="PASS">
          <reporter-output>
          </reporter-output>
        </test-method> <!-- checkTwo -->
      </class> <!-- TestNG222.TestCaseForLogin -->
    </test> <!-- Default test -->
  </suite> <!-- Default suite -->
</testng-results>
